<?xml version="1.0" encoding="UTF-8"?>
<!-- Generated by org.testng.reporters.JUnitXMLReporter -->
<testsuite hostname="LAPTOP-0VLGHIQI" ignored="1" name="Default test" tests="1" failures="0" timestamp="2022-05-18T17:30:10 IST" time="22.946" errors="0">
  <testcase name="verfifyConfirmationAlertIsOpened" time="1.965" classname="com.resonance.RegressionTests"/>
  <testcase name="verifyTitleOfHomePage" time="0.0" classname="com.resonance.RegressionTests">
    <ignored/>
  </testcase> <!-- verifyTitleOfHomePage -->
</testsuite> <!-- Default test -->
